用户id 浏览课程id 课程评分          评分时间
    1    8    1    1559177101943
    1    20    5    1559177102201
    1    13    4    1559177102202
    1    27    3    1559177102202
    1    17    2    1559177102202
    1    15    3    1559177102203
    1    5    4    1559177102203
    1    9    5    1559177102203
    1    2    1    1559177102204
    1    6    1    1559177102204
    2    11    3    1559177102204
    2    13    1    1559177102204
    2    23    5    1559177102204
    2    20    4    1559177102204
    2    3    1    1559177102205
    2    5    3    1559177102205
    2    27    1    1559177102205
    2    10    3    1559177102205
    2    6    4    1559177102206
    2    1    3    1559177102206
    3    16    4    1559177102206
    3    4    5    1559177102206
    3    19    5    1559177102206
    3    6    5    1559177102206
    3    17    1    1559177102207
    3    13    2    1559177102207
    3    22    3    1559177102207
    3    25    4    1559177102207
    3    8    2    1559177102207
    3    18    5    1559177102207
    4    1    4    1559177102207
    4    7    4    1559177102335
    4    27    2    1559177102336
    4    5    4    1559177102337
    4    14    2    1559177102337
    4    26    2    1559177102337
    4    13    3    1559177102338
    4    24    3    1559177102339
    4    3    4    1559177102339
    4    9    5    1559177102340
    5    17    3    1559177102340
    5    3    3    1559177102341
    5    19    2    1559177102341
    5    24    5    1559177102345
    5    21    4    1559177102346
    5    15    1    1559177102347
    5    9    2    1559177102348
    5    27    5    1559177102348
    5    8    2    1559177102349
    5    16    2    1559177102350
    6    13    5    1559177102350
    6    18    4    1559177102350
    6    24    4    1559177102350
    6    5    1    1559177102351
    6    15    1    1559177102351
    6    19    2    1559177102352
    6    8    1    1559177102352
    6    7    1    1559177102353
    6    2    1    1559177102353
    6    23    5    1559177102354
    7    20    4    1559177102354
    7    7    2    1559177102355
    7    15    1    1559177102355
    7    14    1    1559177102355
    7    10    5    1559177102356
    7    25    1    1559177102357
    7    16    1    1559177102357
    7    22    4    1559177102357
    7    19    4    1559177102357
    7    1    5    1559177102358
    8    26    4    1559177102358
    8    15    5    1559177102358
    8    22    3    1559177102368
    8    24    4    1559177102368
    8    4    3    1559177102368
    8    6    4    1559177102368
    8    1    5    1559177102369
    8    20    1    1559177102369
    8    9    4    1559177102369
    8    11    1    1559177102369
    9    3    4    1559177102369
    9    19    4    1559177102369
    9    18    1    1559177102369
    9    24    2    1559177102369
    9    8    4    1559177102369
    9    13    5    1559177102369
    9    25    5    1559177102370
    9    6    3    1559177102370
    9    14    4    1559177102370
    9    4    5    1559177102370